<?xml version="1.0" encoding="UTF-8"?>
<!-- Generated by org.testng.reporters.JUnitReportReporter -->
<testsuite hostname="Neethus-MacBook-Pro.local" name="package2.test_gmailAppTest" tests="2" failures="0" timestamp="14 Feb 2018 07:17:52 GMT" time="5.027" errors="0">
  <testcase name="testInboxTitle" time="2.571" classname="package2.test_gmailAppTest"/>
  <testcase name="testTabs" time="2.456" classname="package2.test_gmailAppTest"/>
</testsuite> <!-- package2.test_gmailAppTest -->
